This file contains any messages produced by compilers while
running configure, to aid debugging if configure makes a mistake.

It was created by exiv2 configure 0.24, which was
generated by GNU Autoconf 2.69.  Invocation command line was

  $ ./configure --prefix=/Users/sdrpa/Desktop/Upwork/Filtron/OSX/exiv2-0.24/lib

## --------- ##
## Platform. ##
## --------- ##

hostname = macbook-pro.local
uname -m = x86_64
uname -r = 14.5.0
uname -s = Darwin
uname -v = Darwin Kernel Version 14.5.0: Wed Jul 29 02:26:53 PDT 2015; root:xnu-2782.40.9~1/RELEASE_X86_64

/usr/bin/uname -p = i386
/bin/uname -X     = unknown

/bin/arch              = unknown
/usr/bin/arch -k       = unknown
/usr/convex/getsysinfo = unknown
/usr/bin/hostinfo      = Mach kernel version:
	 Darwin Kernel Version 14.5.0: Wed Jul 29 02:26:53 PDT 2015; root:xnu-2782.40.9~1/RELEASE_X86_64
Kernel configured for up to 8 processors.
4 processors are physically available.
8 processors are logically available.
Processor type: x86_64h (Intel x86-64h Haswell)
Processors active: 0 1 2 3 4 5 6 7
Primary memory available: 16.00 gigabytes
Default processor set: 279 tasks, 1224 threads, 8 processors
Load average: 1.21, Mach factor: 6.78
/bin/machine           = unknown
/usr/bin/oslevel       = unknown
/bin/universe          = unknown

PATH: /Users/sdrpa/Library/Haskell/bin
PATH: /usr/local/bin
PATH: /usr/bin
PATH: /bin
PATH: /usr/sbin
PATH: /sbin
PATH: /opt/X11/bin
PATH: /usr/local/MacGPG2/bin


## ----------- ##
## Core tests. ##
## ----------- ##

configure:2695: checking for g++
configure:2711: found /usr/bin/g++
configure:2722: result: g++
configure:2749: checking for C++ compiler version
configure:2758: g++ --version >&5
Apple LLVM version 7.0.0 (clang-700.0.72)
Target: x86_64-apple-darwin14.5.0
Thread model: posix
Configured with: --prefix=/Applications/Xcode.app/Contents/Developer/usr --with-gxx-include-dir=/usr/include/c++/4.2.1
configure:2769: $? = 0
configure:2758: g++ -v >&5
Configured with: --prefix=/Applications/Xcode.app/Contents/Developer/usr --with-gxx-include-dir=/usr/include/c++/4.2.1
Apple LLVM version 7.0.0 (clang-700.0.72)
Target: x86_64-apple-darwin14.5.0
Thread model: posix
configure:2769: $? = 0
configure:2758: g++ -V >&5
clang: error: argument to '-V' is missing (expected 1 value)
clang: error: no input files
configure:2769: $? = 1
configure:2758: g++ -qversion >&5
clang: error: unknown argument: '-qversion'
clang: error: no input files
configure:2769: $? = 1
configure:2789: checking whether the C++ compiler works
configure:2811: g++    conftest.cpp  >&5
configure:2815: $? = 0
configure:2863: result: yes
configure:2866: checking for C++ compiler default output file name
configure:2868: result: a.out
configure:2874: checking for suffix of executables
configure:2881: g++ -o conftest    conftest.cpp  >&5
configure:2885: $? = 0
configure:2907: result: 
configure:2929: checking whether we are cross compiling
configure:2937: g++ -o conftest    conftest.cpp  >&5
configure:2941: $? = 0
configure:2948: ./conftest
configure:2952: $? = 0
configure:2967: result: no
configure:2972: checking for suffix of object files
configure:2994: g++ -c   conftest.cpp >&5
configure:2998: $? = 0
configure:3019: result: o
configure:3023: checking whether we are using the GNU C++ compiler
configure:3042: g++ -c   conftest.cpp >&5
configure:3042: $? = 0
configure:3051: result: yes
configure:3060: checking whether g++ accepts -g
configure:3121: result: no
configure:3149: checking how to run the C++ preprocessor
configure:3176: g++ -E  conftest.cpp
configure:3176: $? = 0
configure:3190: g++ -E  conftest.cpp
conftest.cpp:11:10: fatal error: 'ac_nonexistent.h' file not found
#include <ac_nonexistent.h>
         ^
1 error generated.
configure:3190: $? = 1
configure: failed program was:
| /* confdefs.h */
| #define PACKAGE_NAME "exiv2"
| #define PACKAGE_TARNAME "exiv2"
| #define PACKAGE_VERSION "0.24"
| #define PACKAGE_STRING "exiv2 0.24"
| #define PACKAGE_BUGREPORT "ahuggel@gmx.net"
| #define PACKAGE_URL ""
| #define PACKAGE "exiv2"
| #define VERSION "0.24"
| /* end confdefs.h.  */
| #include <ac_nonexistent.h>
configure:3215: result: g++ -E
configure:3235: g++ -E  conftest.cpp
configure:3235: $? = 0
configure:3249: g++ -E  conftest.cpp
conftest.cpp:11:10: fatal error: 'ac_nonexistent.h' file not found
#include <ac_nonexistent.h>
         ^
1 error generated.
configure:3249: $? = 1
configure: failed program was:
| /* confdefs.h */
| #define PACKAGE_NAME "exiv2"
| #define PACKAGE_TARNAME "exiv2"
| #define PACKAGE_VERSION "0.24"
| #define PACKAGE_STRING "exiv2 0.24"
| #define PACKAGE_BUGREPORT "ahuggel@gmx.net"
| #define PACKAGE_URL ""
| #define PACKAGE "exiv2"
| #define VERSION "0.24"
| /* end confdefs.h.  */
| #include <ac_nonexistent.h>
configure:3327: checking for gcc
configure:3343: found /usr/bin/gcc
configure:3354: result: gcc
configure:3583: checking for C compiler version
configure:3592: gcc --version >&5
Apple LLVM version 7.0.0 (clang-700.0.72)
Target: x86_64-apple-darwin14.5.0
Thread model: posix
Configured with: --prefix=/Applications/Xcode.app/Contents/Developer/usr --with-gxx-include-dir=/usr/include/c++/4.2.1
configure:3603: $? = 0
configure:3592: gcc -v >&5
Configured with: --prefix=/Applications/Xcode.app/Contents/Developer/usr --with-gxx-include-dir=/usr/include/c++/4.2.1
Apple LLVM version 7.0.0 (clang-700.0.72)
Target: x86_64-apple-darwin14.5.0
Thread model: posix
configure:3603: $? = 0
configure:3592: gcc -V >&5
clang: error: argument to '-V' is missing (expected 1 value)
clang: error: no input files
configure:3603: $? = 1
configure:3592: gcc -qversion >&5
clang: error: unknown argument: '-qversion'
clang: error: no input files
configure:3603: $? = 1
configure:3607: checking whether we are using the GNU C compiler
configure:3626: gcc -c   conftest.c >&5
configure:3626: $? = 0
configure:3635: result: yes
configure:3644: checking whether gcc accepts -g
configure:3705: result: no
configure:3722: checking for gcc option to accept ISO C89
configure:3785: gcc  -c -O2  conftest.c >&5
configure:3785: $? = 0
configure:3798: result: none needed
configure:3823: checking how to run the C preprocessor
configure:3854: gcc -E  conftest.c
configure:3854: $? = 0
configure:3868: gcc -E  conftest.c
conftest.c:11:10: fatal error: 'ac_nonexistent.h' file not found
#include <ac_nonexistent.h>
         ^
1 error generated.
configure:3868: $? = 1
configure: failed program was:
| /* confdefs.h */
| #define PACKAGE_NAME "exiv2"
| #define PACKAGE_TARNAME "exiv2"
| #define PACKAGE_VERSION "0.24"
| #define PACKAGE_STRING "exiv2 0.24"
| #define PACKAGE_BUGREPORT "ahuggel@gmx.net"
| #define PACKAGE_URL ""
| #define PACKAGE "exiv2"
| #define VERSION "0.24"
| /* end confdefs.h.  */
| #include <ac_nonexistent.h>
configure:3893: result: gcc -E
configure:3913: gcc -E  conftest.c
configure:3913: $? = 0
configure:3927: gcc -E  conftest.c
conftest.c:11:10: fatal error: 'ac_nonexistent.h' file not found
#include <ac_nonexistent.h>
         ^
1 error generated.
configure:3927: $? = 1
configure: failed program was:
| /* confdefs.h */
| #define PACKAGE_NAME "exiv2"
| #define PACKAGE_TARNAME "exiv2"
| #define PACKAGE_VERSION "0.24"
| #define PACKAGE_STRING "exiv2 0.24"
| #define PACKAGE_BUGREPORT "ahuggel@gmx.net"
| #define PACKAGE_URL ""
| #define PACKAGE "exiv2"
| #define VERSION "0.24"
| /* end confdefs.h.  */
| #include <ac_nonexistent.h>
configure:3969: checking for a BSD-compatible install
configure:4037: result: /usr/bin/install -c
configure:4048: checking whether ln -s works
configure:4052: result: yes
configure:4059: checking whether make sets $(MAKE)
configure:4081: result: yes
configure:4094: checking build system type
configure:4108: result: x86_64-apple-darwin14.5.0
configure:4128: checking host system type
configure:4141: result: x86_64-apple-darwin14.5.0
configure:4180: checking whether NLS is requested
configure:4189: result: yes
configure:4227: checking for msgfmt
configure: trying /usr/local/bin/msgfmt...
0 translated messages.
configure:4259: result: /usr/local/bin/msgfmt
configure:4268: checking for gmsgfmt
configure:4299: result: /usr/local/bin/msgfmt
configure:4339: checking for xgettext
configure: trying /usr/local/bin/xgettext...
/usr/local/bin/xgettext: warning: file '/dev/null' extension '' is unknown; will try C
configure:4371: result: /usr/local/bin/xgettext
configure:4411: checking for msgmerge
configure: trying /usr/local/bin/msgmerge...
configure:4442: result: /usr/local/bin/msgmerge
configure:4517: checking for ld used by GCC
configure:4581: result: /Applications/Xcode.app/Contents/Developer/Toolchains/XcodeDefault.xctoolchain/usr/bin/ld
configure:4588: checking if the linker (/Applications/Xcode.app/Contents/Developer/Toolchains/XcodeDefault.xctoolchain/usr/bin/ld) is GNU ld
configure:4601: result: no
configure:4608: checking for shared library run path origin
configure:4621: result: done
configure:5038: checking for CFPreferencesCopyAppValue
configure:5058: gcc -o conftest -O2  -I/System/Library/Frameworks/CoreFoundation.framework/Headers  conftest.c  -framework CoreFoundation >&5
configure:5058: $? = 0
configure:5068: result: yes
configure:5075: checking for CFLocaleCopyCurrent
configure:5095: gcc -o conftest -O2  -I/System/Library/Frameworks/CoreFoundation.framework/Headers  conftest.c  -framework CoreFoundation >&5
configure:5095: $? = 0
configure:5105: result: yes
configure:5120: checking whether NLS is requested
configure:5129: result: yes
configure:5147: checking for GNU gettext in libc
configure:5166: gcc -o conftest -O2   conftest.c  >&5
Undefined symbols for architecture x86_64:
  "__nl_domain_bindings", referenced from:
      _main in conftest-808aa0.o
  "__nl_msg_cat_cntr", referenced from:
      _main in conftest-808aa0.o
  "_libintl_bindtextdomain", referenced from:
      _main in conftest-808aa0.o
  "_libintl_gettext", referenced from:
      _main in conftest-808aa0.o
ld: symbol(s) not found for architecture x86_64
clang: error: linker command failed with exit code 1 (use -v to see invocation)
configure:5166: $? = 1
configure: failed program was:
| /* confdefs.h */
| #define PACKAGE_NAME "exiv2"
| #define PACKAGE_TARNAME "exiv2"
| #define PACKAGE_VERSION "0.24"
| #define PACKAGE_STRING "exiv2 0.24"
| #define PACKAGE_BUGREPORT "ahuggel@gmx.net"
| #define PACKAGE_URL ""
| #define PACKAGE "exiv2"
| #define VERSION "0.24"
| #define HAVE_CFPREFERENCESCOPYAPPVALUE 1
| #define HAVE_CFLOCALECOPYCURRENT 1
| /* end confdefs.h.  */
| #include <libintl.h>
| extern int _nl_msg_cat_cntr;
| extern int *_nl_domain_bindings;
| int
| main ()
| {
| bindtextdomain ("", "");
| return * gettext ("") + _nl_msg_cat_cntr + *_nl_domain_bindings
|   ;
|   return 0;
| }
configure:5174: result: no
configure:5208: checking for iconv
configure:5230: gcc -o conftest -O2   conftest.c  >&5
Undefined symbols for architecture x86_64:
  "_iconv", referenced from:
      _main in conftest-3c9020.o
  "_iconv_close", referenced from:
      _main in conftest-3c9020.o
  "_iconv_open", referenced from:
      _main in conftest-3c9020.o
ld: symbol(s) not found for architecture x86_64
clang: error: linker command failed with exit code 1 (use -v to see invocation)
configure:5230: $? = 1
configure: failed program was:
| /* confdefs.h */
| #define PACKAGE_NAME "exiv2"
| #define PACKAGE_TARNAME "exiv2"
| #define PACKAGE_VERSION "0.24"
| #define PACKAGE_STRING "exiv2 0.24"
| #define PACKAGE_BUGREPORT "ahuggel@gmx.net"
| #define PACKAGE_URL ""
| #define PACKAGE "exiv2"
| #define VERSION "0.24"
| #define HAVE_CFPREFERENCESCOPYAPPVALUE 1
| #define HAVE_CFLOCALECOPYCURRENT 1
| /* end confdefs.h.  */
| #include <stdlib.h>
| #include <iconv.h>
| int
| main ()
| {
| iconv_t cd = iconv_open("","");
|        iconv(cd,NULL,NULL,NULL,NULL);
|        iconv_close(cd);
|   ;
|   return 0;
| }
configure:5252: gcc -o conftest -O2   conftest.c  -liconv >&5
configure:5252: $? = 0
configure:5262: result: yes
configure:5270: checking how to link with libiconv
configure:5272: result: -liconv
configure:5661: checking for GNU gettext in libintl
configure:5688: gcc -o conftest -O2    conftest.c  -lintl >&5
configure:5688: $? = 0
configure:5727: result: yes
configure:5762: checking whether to use NLS
configure:5764: result: yes
configure:5767: checking where the gettext function comes from
configure:5778: result: external libintl
configure:5786: checking how to link with libintl
configure:5788: result: -lintl -Wl,-framework -Wl,CoreFoundation
configure:5864: checking for a sed that does not truncate output
configure:5928: result: /usr/bin/sed
configure:5946: checking for grep that handles long lines and -e
configure:6004: result: /usr/bin/grep
configure:6009: checking for egrep
configure:6071: result: /usr/bin/grep -E
configure:6076: checking for fgrep
configure:6138: result: /usr/bin/grep -F
configure:6173: checking for ld used by gcc
configure:6240: result: /Applications/Xcode.app/Contents/Developer/Toolchains/XcodeDefault.xctoolchain/usr/bin/ld
configure:6247: checking if the linker (/Applications/Xcode.app/Contents/Developer/Toolchains/XcodeDefault.xctoolchain/usr/bin/ld) is GNU ld
configure:6262: result: no
configure:6274: checking for BSD- or MS-compatible name lister (nm)
configure:6323: result: /usr/bin/nm
configure:6441: checking the name lister (/usr/bin/nm) interface
configure:6448: gcc -c -O2  conftest.c >&5
configure:6451: /usr/bin/nm "conftest.o"
configure:6454: output
0000000000000000 S _some_variable
configure:6461: result: BSD nm
configure:6465: checking the maximum length of command line arguments
configure:6585: result: 196608
configure:6602: checking whether the shell understands some XSI constructs
configure:6612: result: yes
configure:6616: checking whether the shell understands "+="
configure:6622: result: yes
configure:6657: checking for /Applications/Xcode.app/Contents/Developer/Toolchains/XcodeDefault.xctoolchain/usr/bin/ld option to reload object files
configure:6664: result: -r
configure:6733: checking for objdump
configure:6763: result: no
configure:6792: checking how to recognize dependent libraries
configure:6988: result: pass_all
configure:7048: checking for ar
configure:7064: found /usr/bin/ar
configure:7075: result: ar
configure:7153: checking for strip
configure:7169: found /usr/bin/strip
configure:7180: result: strip
configure:7252: checking for ranlib
configure:7268: found /usr/bin/ranlib
configure:7279: result: ranlib
configure:7369: checking command to parse /usr/bin/nm output from gcc object
configure:7487: gcc -c -O2  conftest.c >&5
configure:7490: $? = 0
configure:7494: /usr/bin/nm conftest.o \| sed -n -e 's/^.*[	 ]\([BCDEGRST][BCDEGRST]*\)[	 ][	 ]*\([_A-Za-z][_A-Za-z0-9]*\)$/\1 \2 \2/p' \> conftest.nm
configure:7497: $? = 0
cannot find nm_test_var in conftest.nm
configure:7487: gcc -c -O2  conftest.c >&5
configure:7490: $? = 0
configure:7494: /usr/bin/nm conftest.o \| sed -n -e 's/^.*[	 ]\([BCDEGRST][BCDEGRST]*\)[	 ][	 ]*_\([_A-Za-z][_A-Za-z0-9]*\)$/\1 _\2 \2/p' \> conftest.nm
configure:7497: $? = 0
configure:7551: gcc -o conftest -O2   conftest.c conftstm.o >&5
configure:7554: $? = 0
configure:7592: result: ok
configure:7856: checking for dsymutil
configure:7872: found /usr/bin/dsymutil
configure:7883: result: dsymutil
configure:7948: checking for nmedit
configure:7964: found /usr/bin/nmedit
configure:7975: result: nmedit
configure:8040: checking for lipo
configure:8056: found /usr/bin/lipo
configure:8067: result: lipo
configure:8132: checking for otool
configure:8148: found /usr/bin/otool
configure:8159: result: otool
configure:8224: checking for otool64
configure:8254: result: no
configure:8299: checking for -single_module linker flag
gcc -O2  -o libconftest.dylib -dynamiclib -Wl,-single_module conftest.c
configure:8326: result: yes
configure:8328: checking for -exported_symbols_list linker flag
configure:8348: gcc -o conftest -O2   -Wl,-exported_symbols_list,conftest.sym conftest.c  >&5
configure:8348: $? = 0
configure:8358: result: yes
configure:8396: checking for ANSI C header files
configure:8416: gcc -c -O2  conftest.c >&5
configure:8416: $? = 0
configure:8489: gcc -o conftest -O2   conftest.c  >&5
configure:8489: $? = 0
configure:8489: ./conftest
configure:8489: $? = 0
configure:8500: result: yes
configure:8513: checking for sys/types.h
configure:8513: gcc -c -O2  conftest.c >&5
configure:8513: $? = 0
configure:8513: result: yes
configure:8513: checking for sys/stat.h
configure:8513: gcc -c -O2  conftest.c >&5
configure:8513: $? = 0
configure:8513: result: yes
configure:8513: checking for stdlib.h
configure:8513: gcc -c -O2  conftest.c >&5
configure:8513: $? = 0
configure:8513: result: yes
configure:8513: checking for string.h
configure:8513: gcc -c -O2  conftest.c >&5
configure:8513: $? = 0
configure:8513: result: yes
configure:8513: checking for memory.h
configure:8513: gcc -c -O2  conftest.c >&5
configure:8513: $? = 0
configure:8513: result: yes
configure:8513: checking for strings.h
configure:8513: gcc -c -O2  conftest.c >&5
configure:8513: $? = 0
configure:8513: result: yes
configure:8513: checking for inttypes.h
configure:8513: gcc -c -O2  conftest.c >&5
configure:8513: $? = 0
configure:8513: result: yes
configure:8513: checking for stdint.h
configure:8513: gcc -c -O2  conftest.c >&5
configure:8513: $? = 0
configure:8513: result: yes
configure:8513: checking for unistd.h
configure:8513: gcc -c -O2  conftest.c >&5
configure:8513: $? = 0
configure:8513: result: yes
configure:8527: checking for dlfcn.h
configure:8527: gcc -c -O2  conftest.c >&5
configure:8527: $? = 0
configure:8527: result: yes
configure:8652: checking for C++ compiler version
configure:8661: g++ --version >&5
Apple LLVM version 7.0.0 (clang-700.0.72)
Target: x86_64-apple-darwin14.5.0
Thread model: posix
Configured with: --prefix=/Applications/Xcode.app/Contents/Developer/usr --with-gxx-include-dir=/usr/include/c++/4.2.1
configure:8672: $? = 0
configure:8661: g++ -v >&5
Configured with: --prefix=/Applications/Xcode.app/Contents/Developer/usr --with-gxx-include-dir=/usr/include/c++/4.2.1
Apple LLVM version 7.0.0 (clang-700.0.72)
Target: x86_64-apple-darwin14.5.0
Thread model: posix
configure:8672: $? = 0
configure:8661: g++ -V >&5
clang: error: argument to '-V' is missing (expected 1 value)
clang: error: no input files
configure:8672: $? = 1
configure:8661: g++ -qversion >&5
clang: error: unknown argument: '-qversion'
clang: error: no input files
configure:8672: $? = 1
configure:8676: checking whether we are using the GNU C++ compiler
configure:8704: result: yes
configure:8713: checking whether g++ accepts -g
configure:8774: result: no
configure:8805: checking how to run the C++ preprocessor
configure:8871: result: g++ -E
configure:8891: g++ -E  conftest.cpp
configure:8891: $? = 0
configure:8905: g++ -E  conftest.cpp
conftest.cpp:28:10: fatal error: 'ac_nonexistent.h' file not found
#include <ac_nonexistent.h>
         ^
1 error generated.
configure:8905: $? = 1
configure: failed program was:
| /* confdefs.h */
| #define PACKAGE_NAME "exiv2"
| #define PACKAGE_TARNAME "exiv2"
| #define PACKAGE_VERSION "0.24"
| #define PACKAGE_STRING "exiv2 0.24"
| #define PACKAGE_BUGREPORT "ahuggel@gmx.net"
| #define PACKAGE_URL ""
| #define PACKAGE "exiv2"
| #define VERSION "0.24"
| #define HAVE_CFPREFERENCESCOPYAPPVALUE 1
| #define HAVE_CFLOCALECOPYCURRENT 1
| #define HAVE_ICONV 1
| #define ENABLE_NLS 1
| #define HAVE_GETTEXT 1
| #define HAVE_DCGETTEXT 1
| #define STDC_HEADERS 1
| #define HAVE_SYS_TYPES_H 1
| #define HAVE_SYS_STAT_H 1
| #define HAVE_STDLIB_H 1
| #define HAVE_STRING_H 1
| #define HAVE_MEMORY_H 1
| #define HAVE_STRINGS_H 1
| #define HAVE_INTTYPES_H 1
| #define HAVE_STDINT_H 1
| #define HAVE_UNISTD_H 1
| #define HAVE_DLFCN_H 1
| /* end confdefs.h.  */
| #include <ac_nonexistent.h>
configure:9111: checking for objdir
configure:9126: result: .libs
configure:9422: checking if gcc supports -fno-rtti -fno-exceptions
configure:9440: gcc -c -O2  -fno-rtti -fno-exceptions conftest.c >&5
configure:9444: $? = 0
configure:9457: result: yes
configure:9477: checking for gcc option to produce PIC
configure:9749: result: -fno-common -DPIC
configure:9761: checking if gcc PIC flag -fno-common -DPIC works
configure:9779: gcc -c -O2  -fno-common -DPIC -DPIC conftest.c >&5
configure:9783: $? = 0
configure:9796: result: yes
configure:9820: checking if gcc static flag -static works
configure:9848: result: no
configure:9863: checking if gcc supports -c -o file.o
configure:9884: gcc -c -O2  -o out/conftest2.o conftest.c >&5
configure:9888: $? = 0
configure:9910: result: yes
configure:9918: checking if gcc supports -c -o file.o
configure:9965: result: yes
configure:9998: checking whether the gcc linker (/Applications/Xcode.app/Contents/Developer/Toolchains/XcodeDefault.xctoolchain/usr/bin/ld) supports shared libraries
configure:10988: result: yes
configure:11227: checking dynamic linker characteristics
configure:11890: result: darwin14.5.0 dyld
configure:11992: checking how to hardcode library paths into programs
configure:12017: result: immediate
configure:12537: checking whether stripping libraries is possible
configure:12551: result: yes
configure:12577: checking if libtool supports shared libraries
configure:12579: result: yes
configure:12582: checking whether to build shared libraries
configure:12603: result: yes
configure:12606: checking whether to build static libraries
configure:12610: result: yes
configure:12760: checking for ld used by g++
configure:12827: result: /Applications/Xcode.app/Contents/Developer/Toolchains/XcodeDefault.xctoolchain/usr/bin/ld
configure:12834: checking if the linker (/Applications/Xcode.app/Contents/Developer/Toolchains/XcodeDefault.xctoolchain/usr/bin/ld) is GNU ld
configure:12849: result: no
configure:12904: checking whether the g++ linker (/Applications/Xcode.app/Contents/Developer/Toolchains/XcodeDefault.xctoolchain/usr/bin/ld) supports shared libraries
configure:13817: result: yes
configure:13845: g++ -c -O2  conftest.cpp >&5
configure:13848: $? = 0
configure:14030: checking for g++ option to produce PIC
configure:14347: result: -fno-common -DPIC
configure:14356: checking if g++ PIC flag -fno-common -DPIC works
configure:14374: g++ -c -O2  -fno-common -DPIC -DPIC conftest.cpp >&5
configure:14378: $? = 0
configure:14391: result: yes
configure:14412: checking if g++ static flag -static works
configure:14440: result: no
configure:14452: checking if g++ supports -c -o file.o
configure:14473: g++ -c -O2  -o out/conftest2.o conftest.cpp >&5
configure:14477: $? = 0
configure:14499: result: yes
configure:14504: checking if g++ supports -c -o file.o
configure:14551: result: yes
configure:14581: checking whether the g++ linker (/Applications/Xcode.app/Contents/Developer/Toolchains/XcodeDefault.xctoolchain/usr/bin/ld) supports shared libraries
configure:14610: result: yes
configure:14747: checking dynamic linker characteristics
configure:15358: result: darwin14.5.0 dyld
configure:15409: checking how to hardcode library paths into programs
configure:15434: result: immediate
configure:15633: checking if zlib is wanted
configure:15648: result: yes
configure:15682: checking for inflateEnd in -lz
configure:15707: gcc -o conftest -O2   conftest.c -lz    >&5
configure:15707: $? = 0
configure:15716: result: yes
configure:15724: checking zlib.h usability
configure:15724: gcc -c -O2  conftest.c >&5
configure:15724: $? = 0
configure:15724: result: yes
configure:15724: checking zlib.h presence
configure:15724: gcc -E  conftest.c
configure:15724: $? = 0
configure:15724: result: yes
configure:15724: checking for zlib.h
configure:15724: result: yes
configure:15743: checking for inflateEnd in -lz
configure:15777: result: yes
configure:15788: checking zlib in /usr
configure:15790: result: ok
configure:15840: checking for iconv
configure:15894: result: yes
configure:15902: checking how to link with libiconv
configure:15904: result: -liconv
configure:15915: checking for iconv declaration
configure:15944: gcc -c -O2  conftest.c >&5
configure:15944: $? = 0
configure:15955: result: 
         extern size_t iconv (iconv_t cd, char * *inbuf, size_t *inbytesleft, char * *outbuf, size_t *outbytesleft);
configure:15969: checking for ANSI C header files
configure:16073: result: yes
configure:16084: checking libintl.h usability
configure:16084: gcc -c -O2  conftest.c >&5
configure:16084: $? = 0
configure:16084: result: yes
configure:16084: checking libintl.h presence
configure:16084: gcc -E  conftest.c
configure:16084: $? = 0
configure:16084: result: yes
configure:16084: checking for libintl.h
configure:16084: result: yes
configure:16084: checking locale.h usability
configure:16084: gcc -c -O2  conftest.c >&5
configure:16084: $? = 0
configure:16084: result: yes
configure:16084: checking locale.h presence
configure:16084: gcc -E  conftest.c
configure:16084: $? = 0
configure:16084: result: yes
configure:16084: checking for locale.h
configure:16084: result: yes
configure:16084: checking malloc.h usability
configure:16084: gcc -c -O2  conftest.c >&5
conftest.c:68:10: fatal error: 'malloc.h' file not found
#include <malloc.h>
         ^
1 error generated.
configure:16084: $? = 1
configure: failed program was:
| /* confdefs.h */
| #define PACKAGE_NAME "exiv2"
| #define PACKAGE_TARNAME "exiv2"
| #define PACKAGE_VERSION "0.24"
| #define PACKAGE_STRING "exiv2 0.24"
| #define PACKAGE_BUGREPORT "ahuggel@gmx.net"
| #define PACKAGE_URL ""
| #define PACKAGE "exiv2"
| #define VERSION "0.24"
| #define HAVE_CFPREFERENCESCOPYAPPVALUE 1
| #define HAVE_CFLOCALECOPYCURRENT 1
| #define HAVE_ICONV 1
| #define ENABLE_NLS 1
| #define HAVE_GETTEXT 1
| #define HAVE_DCGETTEXT 1
| #define STDC_HEADERS 1
| #define HAVE_SYS_TYPES_H 1
| #define HAVE_SYS_STAT_H 1
| #define HAVE_STDLIB_H 1
| #define HAVE_STRING_H 1
| #define HAVE_MEMORY_H 1
| #define HAVE_STRINGS_H 1
| #define HAVE_INTTYPES_H 1
| #define HAVE_STDINT_H 1
| #define HAVE_UNISTD_H 1
| #define HAVE_DLFCN_H 1
| #define LT_OBJDIR ".libs/"
| #define HAVE_LIBZ 1
| #define HAVE_ICONV 1
| #define ICONV_CONST 
| #define STDC_HEADERS 1
| #define HAVE_LIBINTL_H 1
| #define HAVE_LOCALE_H 1
| /* end confdefs.h.  */
| #include <stdio.h>
| #ifdef HAVE_SYS_TYPES_H
| # include <sys/types.h>
| #endif
| #ifdef HAVE_SYS_STAT_H
| # include <sys/stat.h>
| #endif
| #ifdef STDC_HEADERS
| # include <stdlib.h>
| # include <stddef.h>
| #else
| # ifdef HAVE_STDLIB_H
| #  include <stdlib.h>
| # endif
| #endif
| #ifdef HAVE_STRING_H
| # if !defined STDC_HEADERS && defined HAVE_MEMORY_H
| #  include <memory.h>
| # endif
| # include <string.h>
| #endif
| #ifdef HAVE_STRINGS_H
| # include <strings.h>
| #endif
| #ifdef HAVE_INTTYPES_H
| # include <inttypes.h>
| #endif
| #ifdef HAVE_STDINT_H
| # include <stdint.h>
| #endif
| #ifdef HAVE_UNISTD_H
| # include <unistd.h>
| #endif
| #include <malloc.h>
configure:16084: result: no
configure:16084: checking malloc.h presence
configure:16084: gcc -E  conftest.c
conftest.c:35:10: fatal error: 'malloc.h' file not found
#include <malloc.h>
         ^
1 error generated.
configure:16084: $? = 1
configure: failed program was:
| /* confdefs.h */
| #define PACKAGE_NAME "exiv2"
| #define PACKAGE_TARNAME "exiv2"
| #define PACKAGE_VERSION "0.24"
| #define PACKAGE_STRING "exiv2 0.24"
| #define PACKAGE_BUGREPORT "ahuggel@gmx.net"
| #define PACKAGE_URL ""
| #define PACKAGE "exiv2"
| #define VERSION "0.24"
| #define HAVE_CFPREFERENCESCOPYAPPVALUE 1
| #define HAVE_CFLOCALECOPYCURRENT 1
| #define HAVE_ICONV 1
| #define ENABLE_NLS 1
| #define HAVE_GETTEXT 1
| #define HAVE_DCGETTEXT 1
| #define STDC_HEADERS 1
| #define HAVE_SYS_TYPES_H 1
| #define HAVE_SYS_STAT_H 1
| #define HAVE_STDLIB_H 1
| #define HAVE_STRING_H 1
| #define HAVE_MEMORY_H 1
| #define HAVE_STRINGS_H 1
| #define HAVE_INTTYPES_H 1
| #define HAVE_STDINT_H 1
| #define HAVE_UNISTD_H 1
| #define HAVE_DLFCN_H 1
| #define LT_OBJDIR ".libs/"
| #define HAVE_LIBZ 1
| #define HAVE_ICONV 1
| #define ICONV_CONST 
| #define STDC_HEADERS 1
| #define HAVE_LIBINTL_H 1
| #define HAVE_LOCALE_H 1
| /* end confdefs.h.  */
| #include <malloc.h>
configure:16084: result: no
configure:16084: checking for malloc.h
configure:16084: result: no
configure:16084: checking for stdint.h
configure:16084: result: yes
configure:16084: checking for stdlib.h
configure:16084: result: yes
configure:16084: checking for string.h
configure:16084: result: yes
configure:16084: checking for unistd.h
configure:16084: result: yes
configure:16084: checking sys/mman.h usability
configure:16084: gcc -c -O2  conftest.c >&5
configure:16084: $? = 0
configure:16084: result: yes
configure:16084: checking sys/mman.h presence
configure:16084: gcc -E  conftest.c
configure:16084: $? = 0
configure:16084: result: yes
configure:16084: checking for sys/mman.h
configure:16084: result: yes
configure:16084: checking utime.h usability
configure:16084: gcc -c -O2  conftest.c >&5
configure:16084: $? = 0
configure:16084: result: yes
configure:16084: checking utime.h presence
configure:16084: gcc -E  conftest.c
configure:16084: $? = 0
configure:16084: result: yes
configure:16084: checking for utime.h
configure:16084: result: yes
configure:16098: checking for stdbool.h that conforms to C99
configure:16165: gcc -c -O2  conftest.c >&5
conftest.c:90:24: warning: address of 's' will always evaluate to 'true' [-Wpointer-bool-conversion]
             bool e = &s;
                  ~    ^
conftest.c:94:23: warning: address of array 'a' will always evaluate to 'true' [-Wpointer-bool-conversion]
             return (!a + !b + !c + !d + !e + !f + !g + !h + !i + !!j + !k + !!l
                     ~^
conftest.c:94:28: warning: address of array 'b' will always evaluate to 'true' [-Wpointer-bool-conversion]
             return (!a + !b + !c + !d + !e + !f + !g + !h + !i + !!j + !k + !!l
                          ~^
conftest.c:94:33: warning: address of array 'c' will always evaluate to 'true' [-Wpointer-bool-conversion]
             return (!a + !b + !c + !d + !e + !f + !g + !h + !i + !!j + !k + !!l
                               ~^
conftest.c:94:38: warning: address of array 'd' will always evaluate to 'true' [-Wpointer-bool-conversion]
             return (!a + !b + !c + !d + !e + !f + !g + !h + !i + !!j + !k + !!l
                                    ~^
conftest.c:94:48: warning: address of array 'f' will always evaluate to 'true' [-Wpointer-bool-conversion]
             return (!a + !b + !c + !d + !e + !f + !g + !h + !i + !!j + !k + !!l
                                              ~^
conftest.c:94:53: warning: address of array 'g' will always evaluate to 'true' [-Wpointer-bool-conversion]
             return (!a + !b + !c + !d + !e + !f + !g + !h + !i + !!j + !k + !!l
                                                   ~^
conftest.c:94:58: warning: address of array 'h' will always evaluate to 'true' [-Wpointer-bool-conversion]
             return (!a + !b + !c + !d + !e + !f + !g + !h + !i + !!j + !k + !!l
                                                        ~^
conftest.c:94:63: warning: address of array 'i' will always evaluate to 'true' [-Wpointer-bool-conversion]
             return (!a + !b + !c + !d + !e + !f + !g + !h + !i + !!j + !k + !!l
                                                             ~^
conftest.c:95:30: warning: address of array 'n' will always evaluate to 'true' [-Wpointer-bool-conversion]
                            ~^
conftest.c:95:35: warning: address of array 'o' will always evaluate to 'true' [-Wpointer-bool-conversion]
                                 ~^
conftest.c:95:40: warning: address of array 'p' will always evaluate to 'true' [-Wpointer-bool-conversion]
                                      ~^
12 warnings generated.
configure:16165: $? = 0
configure:16172: result: yes
configure:16174: checking for _Bool
configure:16174: gcc -c -O2  conftest.c >&5
configure:16174: $? = 0
configure:16174: gcc -c -O2  conftest.c >&5
conftest.c:77:20: error: expected expression
if (sizeof ((_Bool)))
                   ^
1 error generated.
configure:16174: $? = 1
configure: failed program was:
| /* confdefs.h */
| #define PACKAGE_NAME "exiv2"
| #define PACKAGE_TARNAME "exiv2"
| #define PACKAGE_VERSION "0.24"
| #define PACKAGE_STRING "exiv2 0.24"
| #define PACKAGE_BUGREPORT "ahuggel@gmx.net"
| #define PACKAGE_URL ""
| #define PACKAGE "exiv2"
| #define VERSION "0.24"
| #define HAVE_CFPREFERENCESCOPYAPPVALUE 1
| #define HAVE_CFLOCALECOPYCURRENT 1
| #define HAVE_ICONV 1
| #define ENABLE_NLS 1
| #define HAVE_GETTEXT 1
| #define HAVE_DCGETTEXT 1
| #define STDC_HEADERS 1
| #define HAVE_SYS_TYPES_H 1
| #define HAVE_SYS_STAT_H 1
| #define HAVE_STDLIB_H 1
| #define HAVE_STRING_H 1
| #define HAVE_MEMORY_H 1
| #define HAVE_STRINGS_H 1
| #define HAVE_INTTYPES_H 1
| #define HAVE_STDINT_H 1
| #define HAVE_UNISTD_H 1
| #define HAVE_DLFCN_H 1
| #define LT_OBJDIR ".libs/"
| #define HAVE_LIBZ 1
| #define HAVE_ICONV 1
| #define ICONV_CONST 
| #define STDC_HEADERS 1
| #define HAVE_LIBINTL_H 1
| #define HAVE_LOCALE_H 1
| #define HAVE_STDINT_H 1
| #define HAVE_STDLIB_H 1
| #define HAVE_STRING_H 1
| #define HAVE_UNISTD_H 1
| #define HAVE_SYS_MMAN_H 1
| #define HAVE_UTIME_H 1
| /* end confdefs.h.  */
| #include <stdio.h>
| #ifdef HAVE_SYS_TYPES_H
| # include <sys/types.h>
| #endif
| #ifdef HAVE_SYS_STAT_H
| # include <sys/stat.h>
| #endif
| #ifdef STDC_HEADERS
| # include <stdlib.h>
| # include <stddef.h>
| #else
| # ifdef HAVE_STDLIB_H
| #  include <stdlib.h>
| # endif
| #endif
| #ifdef HAVE_STRING_H
| # if !defined STDC_HEADERS && defined HAVE_MEMORY_H
| #  include <memory.h>
| # endif
| # include <string.h>
| #endif
| #ifdef HAVE_STRINGS_H
| # include <strings.h>
| #endif
| #ifdef HAVE_INTTYPES_H
| # include <inttypes.h>
| #endif
| #ifdef HAVE_STDINT_H
| # include <stdint.h>
| #endif
| #ifdef HAVE_UNISTD_H
| # include <unistd.h>
| #endif
| int
| main ()
| {
| if (sizeof ((_Bool)))
| 	    return 0;
|   ;
|   return 0;
| }
configure:16174: result: yes
configure:16191: checking for an ANSI C-conforming const
configure:16257: gcc -c -O2  conftest.c >&5
configure:16257: $? = 0
configure:16264: result: yes
configure:16272: checking for inline
configure:16288: gcc -c -O2  conftest.c >&5
configure:16288: $? = 0
configure:16296: result: inline
configure:16314: checking for pid_t
configure:16314: gcc -c -O2  conftest.c >&5
configure:16314: $? = 0
configure:16314: gcc -c -O2  conftest.c >&5
conftest.c:79:20: error: expected expression
if (sizeof ((pid_t)))
                   ^
1 error generated.
configure:16314: $? = 1
configure: failed program was:
| /* confdefs.h */
| #define PACKAGE_NAME "exiv2"
| #define PACKAGE_TARNAME "exiv2"
| #define PACKAGE_VERSION "0.24"
| #define PACKAGE_STRING "exiv2 0.24"
| #define PACKAGE_BUGREPORT "ahuggel@gmx.net"
| #define PACKAGE_URL ""
| #define PACKAGE "exiv2"
| #define VERSION "0.24"
| #define HAVE_CFPREFERENCESCOPYAPPVALUE 1
| #define HAVE_CFLOCALECOPYCURRENT 1
| #define HAVE_ICONV 1
| #define ENABLE_NLS 1
| #define HAVE_GETTEXT 1
| #define HAVE_DCGETTEXT 1
| #define STDC_HEADERS 1
| #define HAVE_SYS_TYPES_H 1
| #define HAVE_SYS_STAT_H 1
| #define HAVE_STDLIB_H 1
| #define HAVE_STRING_H 1
| #define HAVE_MEMORY_H 1
| #define HAVE_STRINGS_H 1
| #define HAVE_INTTYPES_H 1
| #define HAVE_STDINT_H 1
| #define HAVE_UNISTD_H 1
| #define HAVE_DLFCN_H 1
| #define LT_OBJDIR ".libs/"
| #define HAVE_LIBZ 1
| #define HAVE_ICONV 1
| #define ICONV_CONST 
| #define STDC_HEADERS 1
| #define HAVE_LIBINTL_H 1
| #define HAVE_LOCALE_H 1
| #define HAVE_STDINT_H 1
| #define HAVE_STDLIB_H 1
| #define HAVE_STRING_H 1
| #define HAVE_UNISTD_H 1
| #define HAVE_SYS_MMAN_H 1
| #define HAVE_UTIME_H 1
| #define HAVE__BOOL 1
| #define HAVE_STDBOOL_H 1
| /* end confdefs.h.  */
| #include <stdio.h>
| #ifdef HAVE_SYS_TYPES_H
| # include <sys/types.h>
| #endif
| #ifdef HAVE_SYS_STAT_H
| # include <sys/stat.h>
| #endif
| #ifdef STDC_HEADERS
| # include <stdlib.h>
| # include <stddef.h>
| #else
| # ifdef HAVE_STDLIB_H
| #  include <stdlib.h>
| # endif
| #endif
| #ifdef HAVE_STRING_H
| # if !defined STDC_HEADERS && defined HAVE_MEMORY_H
| #  include <memory.h>
| # endif
| # include <string.h>
| #endif
| #ifdef HAVE_STRINGS_H
| # include <strings.h>
| #endif
| #ifdef HAVE_INTTYPES_H
| # include <inttypes.h>
| #endif
| #ifdef HAVE_STDINT_H
| # include <stdint.h>
| #endif
| #ifdef HAVE_UNISTD_H
| # include <unistd.h>
| #endif
| int
| main ()
| {
| if (sizeof ((pid_t)))
| 	    return 0;
|   ;
|   return 0;
| }
configure:16314: result: yes
configure:16325: checking for size_t
configure:16325: gcc -c -O2  conftest.c >&5
configure:16325: $? = 0
configure:16325: gcc -c -O2  conftest.c >&5
conftest.c:79:21: error: expected expression
if (sizeof ((size_t)))
                    ^
1 error generated.
configure:16325: $? = 1
configure: failed program was:
| /* confdefs.h */
| #define PACKAGE_NAME "exiv2"
| #define PACKAGE_TARNAME "exiv2"
| #define PACKAGE_VERSION "0.24"
| #define PACKAGE_STRING "exiv2 0.24"
| #define PACKAGE_BUGREPORT "ahuggel@gmx.net"
| #define PACKAGE_URL ""
| #define PACKAGE "exiv2"
| #define VERSION "0.24"
| #define HAVE_CFPREFERENCESCOPYAPPVALUE 1
| #define HAVE_CFLOCALECOPYCURRENT 1
| #define HAVE_ICONV 1
| #define ENABLE_NLS 1
| #define HAVE_GETTEXT 1
| #define HAVE_DCGETTEXT 1
| #define STDC_HEADERS 1
| #define HAVE_SYS_TYPES_H 1
| #define HAVE_SYS_STAT_H 1
| #define HAVE_STDLIB_H 1
| #define HAVE_STRING_H 1
| #define HAVE_MEMORY_H 1
| #define HAVE_STRINGS_H 1
| #define HAVE_INTTYPES_H 1
| #define HAVE_STDINT_H 1
| #define HAVE_UNISTD_H 1
| #define HAVE_DLFCN_H 1
| #define LT_OBJDIR ".libs/"
| #define HAVE_LIBZ 1
| #define HAVE_ICONV 1
| #define ICONV_CONST 
| #define STDC_HEADERS 1
| #define HAVE_LIBINTL_H 1
| #define HAVE_LOCALE_H 1
| #define HAVE_STDINT_H 1
| #define HAVE_STDLIB_H 1
| #define HAVE_STRING_H 1
| #define HAVE_UNISTD_H 1
| #define HAVE_SYS_MMAN_H 1
| #define HAVE_UTIME_H 1
| #define HAVE__BOOL 1
| #define HAVE_STDBOOL_H 1
| /* end confdefs.h.  */
| #include <stdio.h>
| #ifdef HAVE_SYS_TYPES_H
| # include <sys/types.h>
| #endif
| #ifdef HAVE_SYS_STAT_H
| # include <sys/stat.h>
| #endif
| #ifdef STDC_HEADERS
| # include <stdlib.h>
| # include <stddef.h>
| #else
| # ifdef HAVE_STDLIB_H
| #  include <stdlib.h>
| # endif
| #endif
| #ifdef HAVE_STRING_H
| # if !defined STDC_HEADERS && defined HAVE_MEMORY_H
| #  include <memory.h>
| # endif
| # include <string.h>
| #endif
| #ifdef HAVE_STRINGS_H
| # include <strings.h>
| #endif
| #ifdef HAVE_INTTYPES_H
| # include <inttypes.h>
| #endif
| #ifdef HAVE_STDINT_H
| # include <stdint.h>
| #endif
| #ifdef HAVE_UNISTD_H
| # include <unistd.h>
| #endif
| int
| main ()
| {
| if (sizeof ((size_t)))
| 	    return 0;
|   ;
|   return 0;
| }
configure:16325: result: yes
configure:16336: checking whether struct tm is in sys/time.h or time.h
configure:16356: gcc -c -O2  conftest.c >&5
configure:16356: $? = 0
configure:16363: result: time.h
configure:16391: checking for stdlib.h
configure:16391: result: yes
configure:16391: checking for unistd.h
configure:16391: result: yes
configure:16391: checking for sys/param.h
configure:16391: gcc -c -O2  conftest.c >&5
configure:16391: $? = 0
configure:16391: result: yes
configure:16411: checking for getpagesize
configure:16411: gcc -o conftest -O2   conftest.c -lz   >&5
configure:16411: $? = 0
configure:16411: result: yes
configure:16420: checking for working mmap
configure:16567: gcc -o conftest -O2   conftest.c -lz   >&5
configure:16567: $? = 0
configure:16567: ./conftest
configure:16567: $? = 0
configure:16577: result: yes
configure:16586: checking whether strerror_r is declared
configure:16586: gcc -c -O2  conftest.c >&5
configure:16586: $? = 0
configure:16586: result: yes
configure:16599: checking for strerror_r
configure:16599: gcc -o conftest -O2   conftest.c -lz   >&5
configure:16599: $? = 0
configure:16599: result: yes
configure:16608: checking whether strerror_r returns char *
configure:16632: gcc -c -O2  conftest.c >&5
conftest.c:88:13: error: indirection requires pointer operand ('int' invalid)
          char x = *strerror_r (0, buf, sizeof buf);
                   ^~~~~~~~~~~~~~~~~~~~~~~~~~~~~~~~
conftest.c:89:10: warning: incompatible integer to pointer conversion initializing 'char *' with an expression of type 'int' [-Wint-conversion]
          char *p = strerror_r (0, buf, sizeof buf);
                ^   ~~~~~~~~~~~~~~~~~~~~~~~~~~~~~~~
1 warning and 1 error generated.
configure:16632: $? = 1
configure: failed program was:
| /* confdefs.h */
| #define PACKAGE_NAME "exiv2"
| #define PACKAGE_TARNAME "exiv2"
| #define PACKAGE_VERSION "0.24"
| #define PACKAGE_STRING "exiv2 0.24"
| #define PACKAGE_BUGREPORT "ahuggel@gmx.net"
| #define PACKAGE_URL ""
| #define PACKAGE "exiv2"
| #define VERSION "0.24"
| #define HAVE_CFPREFERENCESCOPYAPPVALUE 1
| #define HAVE_CFLOCALECOPYCURRENT 1
| #define HAVE_ICONV 1
| #define ENABLE_NLS 1
| #define HAVE_GETTEXT 1
| #define HAVE_DCGETTEXT 1
| #define STDC_HEADERS 1
| #define HAVE_SYS_TYPES_H 1
| #define HAVE_SYS_STAT_H 1
| #define HAVE_STDLIB_H 1
| #define HAVE_STRING_H 1
| #define HAVE_MEMORY_H 1
| #define HAVE_STRINGS_H 1
| #define HAVE_INTTYPES_H 1
| #define HAVE_STDINT_H 1
| #define HAVE_UNISTD_H 1
| #define HAVE_DLFCN_H 1
| #define LT_OBJDIR ".libs/"
| #define HAVE_LIBZ 1
| #define HAVE_ICONV 1
| #define ICONV_CONST 
| #define STDC_HEADERS 1
| #define HAVE_LIBINTL_H 1
| #define HAVE_LOCALE_H 1
| #define HAVE_STDINT_H 1
| #define HAVE_STDLIB_H 1
| #define HAVE_STRING_H 1
| #define HAVE_UNISTD_H 1
| #define HAVE_SYS_MMAN_H 1
| #define HAVE_UTIME_H 1
| #define HAVE__BOOL 1
| #define HAVE_STDBOOL_H 1
| #define HAVE_STDLIB_H 1
| #define HAVE_UNISTD_H 1
| #define HAVE_SYS_PARAM_H 1
| #define HAVE_GETPAGESIZE 1
| #define HAVE_MMAP 1
| #define HAVE_DECL_STRERROR_R 1
| #define HAVE_STRERROR_R 1
| /* end confdefs.h.  */
| #include <stdio.h>
| #ifdef HAVE_SYS_TYPES_H
| # include <sys/types.h>
| #endif
| #ifdef HAVE_SYS_STAT_H
| # include <sys/stat.h>
| #endif
| #ifdef STDC_HEADERS
| # include <stdlib.h>
| # include <stddef.h>
| #else
| # ifdef HAVE_STDLIB_H
| #  include <stdlib.h>
| # endif
| #endif
| #ifdef HAVE_STRING_H
| # if !defined STDC_HEADERS && defined HAVE_MEMORY_H
| #  include <memory.h>
| # endif
| # include <string.h>
| #endif
| #ifdef HAVE_STRINGS_H
| # include <strings.h>
| #endif
| #ifdef HAVE_INTTYPES_H
| # include <inttypes.h>
| #endif
| #ifdef HAVE_STDINT_H
| # include <stdint.h>
| #endif
| #ifdef HAVE_UNISTD_H
| # include <unistd.h>
| #endif
| int
| main ()
| {
| 
| 	  char buf[100];
| 	  char x = *strerror_r (0, buf, sizeof buf);
| 	  char *p = strerror_r (0, buf, sizeof buf);
| 	  return !p || x;
| 
|   ;
|   return 0;
| }
configure:16670: result: no
configure:16681: checking for gmtime_r
configure:16681: gcc -o conftest -O2   conftest.c -lz   >&5
configure:16681: $? = 0
configure:16681: result: yes
configure:16681: checking for lstat
configure:16681: gcc -o conftest -O2   conftest.c -lz   >&5
configure:16681: $? = 0
configure:16681: result: yes
configure:16681: checking for memset
configure:16681: gcc -o conftest -O2   conftest.c -lz   >&5
conftest.c:75:6: warning: incompatible redeclaration of library function 'memset' [-Wincompatible-library-redeclaration]
char memset ();
     ^
conftest.c:75:6: note: 'memset' is a builtin with type 'void *(void *, int, unsigned long)'
1 warning generated.
configure:16681: $? = 0
configure:16681: result: yes
configure:16681: checking for mmap
configure:16681: gcc -o conftest -O2   conftest.c -lz   >&5
configure:16681: $? = 0
configure:16681: result: yes
configure:16681: checking for munmap
configure:16681: gcc -o conftest -O2   conftest.c -lz   >&5
configure:16681: $? = 0
configure:16681: result: yes
configure:16681: checking for strchr
configure:16681: gcc -o conftest -O2   conftest.c -lz   >&5
conftest.c:78:6: warning: incompatible redeclaration of library function 'strchr' [-Wincompatible-library-redeclaration]
char strchr ();
     ^
conftest.c:78:6: note: 'strchr' is a builtin with type 'char *(const char *, int)'
1 warning generated.
configure:16681: $? = 0
configure:16681: result: yes
configure:16681: checking for strerror
configure:16681: gcc -o conftest -O2   conftest.c -lz   >&5
conftest.c:79:6: warning: incompatible redeclaration of library function 'strerror' [-Wincompatible-library-redeclaration]
char strerror ();
     ^
conftest.c:79:6: note: 'strerror' is a builtin with type 'char *(int)'
1 warning generated.
configure:16681: $? = 0
configure:16681: result: yes
configure:16681: checking for strtol
configure:16681: gcc -o conftest -O2   conftest.c -lz   >&5
configure:16681: $? = 0
configure:16681: result: yes
configure:16692: checking for timegm
configure:16692: gcc -o conftest -O2   conftest.c -lz   >&5
configure:16692: $? = 0
configure:16692: result: yes
configure:16707: checking whether to enable dependency tracking
configure:16716: result: yes
configure:16725: checking whether to enable symbol visibility support
configure:16739: result: yes
configure:16750: checking whether the C++ compiler accepts the -xldscope=hidden flag
configure:16779: g++ -c -O2 -xldscope=hidden  conftest.cpp >&5
clang: error: language not recognized: 'ldscope=hidden'
clang: warning: conftest.cpp: 'linker' input unused
configure:16779: $? = 1
configure: failed program was:
| /* confdefs.h */
| #define PACKAGE_NAME "exiv2"
| #define PACKAGE_TARNAME "exiv2"
| #define PACKAGE_VERSION "0.24"
| #define PACKAGE_STRING "exiv2 0.24"
| #define PACKAGE_BUGREPORT "ahuggel@gmx.net"
| #define PACKAGE_URL ""
| #define PACKAGE "exiv2"
| #define VERSION "0.24"
| #define HAVE_CFPREFERENCESCOPYAPPVALUE 1
| #define HAVE_CFLOCALECOPYCURRENT 1
| #define HAVE_ICONV 1
| #define ENABLE_NLS 1
| #define HAVE_GETTEXT 1
| #define HAVE_DCGETTEXT 1
| #define STDC_HEADERS 1
| #define HAVE_SYS_TYPES_H 1
| #define HAVE_SYS_STAT_H 1
| #define HAVE_STDLIB_H 1
| #define HAVE_STRING_H 1
| #define HAVE_MEMORY_H 1
| #define HAVE_STRINGS_H 1
| #define HAVE_INTTYPES_H 1
| #define HAVE_STDINT_H 1
| #define HAVE_UNISTD_H 1
| #define HAVE_DLFCN_H 1
| #define LT_OBJDIR ".libs/"
| #define HAVE_LIBZ 1
| #define HAVE_ICONV 1
| #define ICONV_CONST 
| #define STDC_HEADERS 1
| #define HAVE_LIBINTL_H 1
| #define HAVE_LOCALE_H 1
| #define HAVE_STDINT_H 1
| #define HAVE_STDLIB_H 1
| #define HAVE_STRING_H 1
| #define HAVE_UNISTD_H 1
| #define HAVE_SYS_MMAN_H 1
| #define HAVE_UTIME_H 1
| #define HAVE__BOOL 1
| #define HAVE_STDBOOL_H 1
| #define HAVE_STDLIB_H 1
| #define HAVE_UNISTD_H 1
| #define HAVE_SYS_PARAM_H 1
| #define HAVE_GETPAGESIZE 1
| #define HAVE_MMAP 1
| #define HAVE_DECL_STRERROR_R 1
| #define HAVE_STRERROR_R 1
| #define HAVE_GMTIME_R 1
| #define HAVE_LSTAT 1
| #define HAVE_MEMSET 1
| #define HAVE_MMAP 1
| #define HAVE_MUNMAP 1
| #define HAVE_STRCHR 1
| #define HAVE_STRERROR 1
| #define HAVE_STRTOL 1
| #define HAVE_TIMEGM 1
| /* end confdefs.h.  */
| 
| 
| int
| main ()
| {
| 
|   ;
|   return 0;
| }
| 
configure:16802: result: no
configure:16828: checking whether the C++ compiler accepts the -fvisibility-inlines-hidden flag
configure:16857: g++ -c -O2 -fvisibility-inlines-hidden  conftest.cpp >&5
configure:16857: $? = 0
configure:16880: result: yes
configure:16909: checking whether to use the lens database for Nikon lens names
configure:16918: result: yes
configure:16925: checking whether to compile a commercial version of the Exiv2 library
configure:16934: result: no
configure:16939: checking whether to enable XMP support (requires expat)
configure:16948: result: yes
configure:16978: checking expat.h usability
configure:16978: gcc -c -O2  conftest.c >&5
configure:16978: $? = 0
configure:16978: result: yes
configure:16978: checking expat.h presence
configure:16978: gcc -E  conftest.c
configure:16978: $? = 0
configure:16978: result: yes
configure:16978: checking for expat.h
configure:16978: result: yes
configure:16983: checking for XML_ParserCreate in -lexpat
configure:17008: gcc -o conftest -O2   conftest.c -lexpat  -lz   >&5
configure:17008: $? = 0
configure:17017: result: yes
configure:17203: creating ./config.status

## ---------------------- ##
## Running config.status. ##
## ---------------------- ##

This file was extended by exiv2 config.status 0.24, which was
generated by GNU Autoconf 2.69.  Invocation command line was

  CONFIG_FILES    = 
  CONFIG_HEADERS  = 
  CONFIG_LINKS    = 
  CONFIG_COMMANDS = 
  $ ./config.status 

on macbook-pro.local

config.status:1165: creating ./Makefile
config.status:1165: creating ./config/config.mk
config.status:1165: creating ./config/exiv2.pc
config.status:1165: creating ./po/Makefile.in
config.status:1165: creating ./src/doxygen.hpp
config.status:1165: creating ./config/config.h
config.status:1354: executing default-1 commands
config.status:1354: executing libtool commands

## ---------------- ##
## Cache variables. ##
## ---------------- ##

ac_cv_build=x86_64-apple-darwin14.5.0
ac_cv_c_compiler_gnu=yes
ac_cv_c_const=yes
ac_cv_c_inline=inline
ac_cv_cxx_compiler_gnu=yes
ac_cv_env_CCC_set=
ac_cv_env_CCC_value=
ac_cv_env_CC_set=
ac_cv_env_CC_value=
ac_cv_env_CFLAGS_set=
ac_cv_env_CFLAGS_value=
ac_cv_env_CPPFLAGS_set=
ac_cv_env_CPPFLAGS_value=
ac_cv_env_CPP_set=
ac_cv_env_CPP_value=
ac_cv_env_CXXCPP_set=
ac_cv_env_CXXCPP_value=
ac_cv_env_CXXFLAGS_set=
ac_cv_env_CXXFLAGS_value=
ac_cv_env_CXX_set=
ac_cv_env_CXX_value=
ac_cv_env_LDFLAGS_set=
ac_cv_env_LDFLAGS_value=
ac_cv_env_LIBS_set=
ac_cv_env_LIBS_value=
ac_cv_env_build_alias_set=
ac_cv_env_build_alias_value=
ac_cv_env_host_alias_set=
ac_cv_env_host_alias_value=
ac_cv_env_target_alias_set=
ac_cv_env_target_alias_value=
ac_cv_func_getpagesize=yes
ac_cv_func_gmtime_r=yes
ac_cv_func_lstat=yes
ac_cv_func_memset=yes
ac_cv_func_mmap=yes
ac_cv_func_mmap_fixed_mapped=yes
ac_cv_func_munmap=yes
ac_cv_func_strchr=yes
ac_cv_func_strerror=yes
ac_cv_func_strerror_r=yes
ac_cv_func_strerror_r_char_p=no
ac_cv_func_strtol=yes
ac_cv_func_timegm=yes
ac_cv_have_decl_strerror_r=yes
ac_cv_header_dlfcn_h=yes
ac_cv_header_expat_h=yes
ac_cv_header_inttypes_h=yes
ac_cv_header_libintl_h=yes
ac_cv_header_locale_h=yes
ac_cv_header_malloc_h=no
ac_cv_header_memory_h=yes
ac_cv_header_stdbool_h=yes
ac_cv_header_stdc=yes
ac_cv_header_stdint_h=yes
ac_cv_header_stdlib_h=yes
ac_cv_header_string_h=yes
ac_cv_header_strings_h=yes
ac_cv_header_sys_mman_h=yes
ac_cv_header_sys_param_h=yes
ac_cv_header_sys_stat_h=yes
ac_cv_header_sys_types_h=yes
ac_cv_header_unistd_h=yes
ac_cv_header_utime_h=yes
ac_cv_header_zlib_h=yes
ac_cv_host=x86_64-apple-darwin14.5.0
ac_cv_lib_expat_XML_ParserCreate=yes
ac_cv_lib_z_inflateEnd=yes
ac_cv_objext=o
ac_cv_path_EGREP='/usr/bin/grep -E'
ac_cv_path_FGREP='/usr/bin/grep -F'
ac_cv_path_GMSGFMT=/usr/local/bin/msgfmt
ac_cv_path_GREP=/usr/bin/grep
ac_cv_path_MSGFMT=/usr/local/bin/msgfmt
ac_cv_path_MSGMERGE=/usr/local/bin/msgmerge
ac_cv_path_SED=/usr/bin/sed
ac_cv_path_XGETTEXT=/usr/local/bin/xgettext
ac_cv_path_install='/usr/bin/install -c'
ac_cv_prog_CPP='gcc -E'
ac_cv_prog_CXXCPP='g++ -E'
ac_cv_prog_ac_ct_AR=ar
ac_cv_prog_ac_ct_CC=gcc
ac_cv_prog_ac_ct_CXX=g++
ac_cv_prog_ac_ct_DSYMUTIL=dsymutil
ac_cv_prog_ac_ct_LIPO=lipo
ac_cv_prog_ac_ct_NMEDIT=nmedit
ac_cv_prog_ac_ct_OTOOL=otool
ac_cv_prog_ac_ct_RANLIB=ranlib
ac_cv_prog_ac_ct_STRIP=strip
ac_cv_prog_cc_c89=
ac_cv_prog_cc_g=no
ac_cv_prog_cxx_g=no
ac_cv_prog_make_make_set=yes
ac_cv_struct_tm=time.h
ac_cv_type__Bool=yes
ac_cv_type_pid_t=yes
ac_cv_type_size_t=yes
acl_cv_hardcode_direct=no
acl_cv_hardcode_libdir_flag_spec=
acl_cv_hardcode_libdir_separator=
acl_cv_hardcode_minus_L=no
acl_cv_libext=a
acl_cv_libname_spec='lib$name'
acl_cv_library_names_spec='$libname$shrext'
acl_cv_path_LD=/Applications/Xcode.app/Contents/Developer/Toolchains/XcodeDefault.xctoolchain/usr/bin/ld
acl_cv_prog_gnu_ld=no
acl_cv_rpath=done
acl_cv_shlibext=dylib
acl_cv_wl=-Wl,
am_cv_func_iconv=yes
am_cv_lib_iconv=yes
am_cv_proto_iconv='extern size_t iconv (iconv_t cd, char * *inbuf, size_t *inbytesleft, char * *outbuf, size_t *outbytesleft);'
am_cv_proto_iconv_arg1=
ax_cv_cxx_check_flag__fvisibility_inlines_hidden=yes
ax_cv_cxx_check_flag__xldscope_hidden=no
gt_cv_func_CFLocaleCopyCurrent=yes
gt_cv_func_CFPreferencesCopyAppValue=yes
gt_cv_func_gnugettext1_libc=no
gt_cv_func_gnugettext1_libintl=yes
lt_cv_apple_cc_single_mod=yes
lt_cv_deplibs_check_method=pass_all
lt_cv_file_magic_cmd='$MAGIC_CMD'
lt_cv_file_magic_test_file=
lt_cv_ld_exported_symbols_list=yes
lt_cv_ld_reload_flag=-r
lt_cv_nm_interface='BSD nm'
lt_cv_objdir=.libs
lt_cv_path_LD=/Applications/Xcode.app/Contents/Developer/Toolchains/XcodeDefault.xctoolchain/usr/bin/ld
lt_cv_path_LDCXX=/Applications/Xcode.app/Contents/Developer/Toolchains/XcodeDefault.xctoolchain/usr/bin/ld
lt_cv_path_NM=/usr/bin/nm
lt_cv_prog_compiler_c_o=yes
lt_cv_prog_compiler_c_o_CXX=yes
lt_cv_prog_compiler_pic_works=yes
lt_cv_prog_compiler_pic_works_CXX=yes
lt_cv_prog_compiler_rtti_exceptions=yes
lt_cv_prog_compiler_static_works=no
lt_cv_prog_compiler_static_works_CXX=no
lt_cv_prog_gnu_ld=no
lt_cv_prog_gnu_ldcxx=no
lt_cv_sys_global_symbol_pipe='sed -n -e '\''s/^.*[	 ]\([BCDEGRST][BCDEGRST]*\)[	 ][	 ]*_\([_A-Za-z][_A-Za-z0-9]*\)$/\1 _\2 \2/p'\'''
lt_cv_sys_global_symbol_to_c_name_address='sed -n -e '\''s/^: \([^ ]*\) $/  {\"\1\", (void *) 0},/p'\'' -e '\''s/^[BCDEGRST]* \([^ ]*\) \([^ ]*\)$/  {"\2", (void *) \&\2},/p'\'''
lt_cv_sys_global_symbol_to_c_name_address_lib_prefix='sed -n -e '\''s/^: \([^ ]*\) $/  {\"\1\", (void *) 0},/p'\'' -e '\''s/^[BCDEGRST]* \([^ ]*\) \(lib[^ ]*\)$/  {"\2", (void *) \&\2},/p'\'' -e '\''s/^[BCDEGRST]* \([^ ]*\) \([^ ]*\)$/  {"lib\2", (void *) \&\2},/p'\'''
lt_cv_sys_global_symbol_to_cdecl='sed -n -e '\''s/^T .* \(.*\)$/extern int \1();/p'\'' -e '\''s/^[BCDEGRST]* .* \(.*\)$/extern char \1;/p'\'''
lt_cv_sys_max_cmd_len=196608
zlib_cv_libz=yes
zlib_cv_zlib_h=yes

## ----------------- ##
## Output variables. ##
## ----------------- ##

AR='ar'
CC='gcc'
CFLAGS='-O2'
COMMERCIAL_VERSION='no'
CPP='gcc -E'
CPPFLAGS=''
CXX='g++'
CXXCPP='g++ -E'
CXXFLAGS='-O2 -fvisibility=hidden -fvisibility-inlines-hidden'
DEFS='-DHAVE_CONFIG_H'
DEP_TRACKING='1'
DSYMUTIL='dsymutil'
DUMPBIN=''
ECHO_C='\c'
ECHO_N=''
ECHO_T=''
EGREP='/usr/bin/grep -E'
ENABLE_XMP='1'
EXEEXT=''
EXIV2_LTVERSION='13:0:0'
EXPAT_CPPFLAGS=''
EXPAT_LDFLAGS=''
EXPAT_LIBS='-lexpat'
EXV_LIB_STATIC=''
FGREP='/usr/bin/grep -F'
GCC='yes'
GMSGFMT='/usr/local/bin/msgfmt'
GREP='/usr/bin/grep'
GXX='yes'
HAVE_LIBZ='1'
HAVE_TIMEGM='1'
INSTALL_DATA='${INSTALL} -m 644'
INSTALL_PROGRAM='${INSTALL}'
INSTALL_SCRIPT='${INSTALL}'
INTLLIBS='-lintl -Wl,-framework -Wl,CoreFoundation'
INTL_MACOSX_LIBS='-Wl,-framework -Wl,CoreFoundation'
LD='/Applications/Xcode.app/Contents/Developer/Toolchains/XcodeDefault.xctoolchain/usr/bin/ld'
LDFLAGS=' -ldl'
LIBICONV='-liconv'
LIBINTL='-lintl -Wl,-framework -Wl,CoreFoundation'
LIBM=''
LIBOBJS=''
LIBS='-lz  '
LIBTOOL='$(SHELL) $(top_builddir)/libtool'
LIBTOOL_DEPS='./config/ltmain.sh'
LIPO='lipo'
LN_S='ln -s'
LTLIBICONV='-liconv'
LTLIBINTL='-lintl -Wl,-framework -Wl,CoreFoundation'
LTLIBOBJS=''
MKINSTALLDIRS='$(top_builddir)/./config/mkinstalldirs'
MSGFMT='/usr/local/bin/msgfmt'
MSGMERGE='/usr/local/bin/msgmerge'
NM='/usr/bin/nm'
NMEDIT='nmedit'
OBJDUMP='false'
OBJEXT='o'
OTOOL64=':'
OTOOL='otool'
PACKAGE='exiv2'
PACKAGE_BUGREPORT='ahuggel@gmx.net'
PACKAGE_NAME='exiv2'
PACKAGE_STRING='exiv2 0.24'
PACKAGE_TARNAME='exiv2'
PACKAGE_URL=''
PACKAGE_VERSION='0.24'
PATH_SEPARATOR=':'
POSUB='po'
RANLIB='ranlib'
SED='/usr/bin/sed'
SET_MAKE=''
SHELL='/bin/sh'
STRIP='strip'
USE_NLS='yes'
VERSION='0.24'
XGETTEXT='/usr/local/bin/xgettext'
ac_ct_CC='gcc'
ac_ct_CXX='g++'
ac_ct_DUMPBIN=''
bindir='${exec_prefix}/bin'
build='x86_64-apple-darwin14.5.0'
build_alias=''
build_cpu='x86_64'
build_os='darwin14.5.0'
build_vendor='apple'
datadir='${datarootdir}'
datarootdir='${prefix}/share'
docdir='${datarootdir}/doc/${PACKAGE_TARNAME}'
dvidir='${docdir}'
exec_prefix='${prefix}'
host='x86_64-apple-darwin14.5.0'
host_alias=''
host_cpu='x86_64'
host_os='darwin14.5.0'
host_vendor='apple'
htmldir='${docdir}'
includedir='${prefix}/include'
infodir='${datarootdir}/info'
libdir='${exec_prefix}/lib'
libexecdir='${exec_prefix}/libexec'
localedir='${datarootdir}/locale'
localstatedir='${prefix}/var'
lt_ECHO='/bin/echo'
mandir='${datarootdir}/man'
oldincludedir='/usr/include'
pdfdir='${docdir}'
prefix='/Users/sdrpa/Desktop/Upwork/Filtron/OSX/exiv2-0.24/lib'
program_transform_name='s,x,x,'
psdir='${docdir}'
sbindir='${exec_prefix}/sbin'
sharedstatedir='${prefix}/com'
sysconfdir='${prefix}/etc'
target_alias=''

## ----------- ##
## confdefs.h. ##
## ----------- ##

/* confdefs.h */
#define PACKAGE_NAME "exiv2"
#define PACKAGE_TARNAME "exiv2"
#define PACKAGE_VERSION "0.24"
#define PACKAGE_STRING "exiv2 0.24"
#define PACKAGE_BUGREPORT "ahuggel@gmx.net"
#define PACKAGE_URL ""
#define PACKAGE "exiv2"
#define VERSION "0.24"
#define HAVE_CFPREFERENCESCOPYAPPVALUE 1
#define HAVE_CFLOCALECOPYCURRENT 1
#define HAVE_ICONV 1
#define ENABLE_NLS 1
#define HAVE_GETTEXT 1
#define HAVE_DCGETTEXT 1
#define STDC_HEADERS 1
#define HAVE_SYS_TYPES_H 1
#define HAVE_SYS_STAT_H 1
#define HAVE_STDLIB_H 1
#define HAVE_STRING_H 1
#define HAVE_MEMORY_H 1
#define HAVE_STRINGS_H 1
#define HAVE_INTTYPES_H 1
#define HAVE_STDINT_H 1
#define HAVE_UNISTD_H 1
#define HAVE_DLFCN_H 1
#define LT_OBJDIR ".libs/"
#define HAVE_LIBZ 1
#define HAVE_ICONV 1
#define ICONV_CONST 
#define STDC_HEADERS 1
#define HAVE_LIBINTL_H 1
#define HAVE_LOCALE_H 1
#define HAVE_STDINT_H 1
#define HAVE_STDLIB_H 1
#define HAVE_STRING_H 1
#define HAVE_UNISTD_H 1
#define HAVE_SYS_MMAN_H 1
#define HAVE_UTIME_H 1
#define HAVE__BOOL 1
#define HAVE_STDBOOL_H 1
#define HAVE_STDLIB_H 1
#define HAVE_UNISTD_H 1
#define HAVE_SYS_PARAM_H 1
#define HAVE_GETPAGESIZE 1
#define HAVE_MMAP 1
#define HAVE_DECL_STRERROR_R 1
#define HAVE_STRERROR_R 1
#define HAVE_GMTIME_R 1
#define HAVE_LSTAT 1
#define HAVE_MEMSET 1
#define HAVE_MMAP 1
#define HAVE_MUNMAP 1
#define HAVE_STRCHR 1
#define HAVE_STRERROR 1
#define HAVE_STRTOL 1
#define HAVE_TIMEGM 1
#define WANT_VISIBILITY_SUPPORT 1
#define HAVE_DLL 1
#define HAVE_LENSDATA 1
#define HAVE_EXPAT_H 1
#define HAVE_EXPAT /**/
#define HAVE_XMP_TOOLKIT 1

configure: exit 0
